<?xml version="1.0" encoding="UTF-8"?>
<testsuite name="com.brandlogs.inventory.api.brandlogsapi.BrandlogsApiApplicationTests" tests="1" skipped="0" failures="0" errors="0" timestamp="2022-11-28T13:15:23" hostname="oduold-p52s" time="0.155">
  <properties/>
  <testcase name="contextLoads()" classname="com.brandlogs.inventory.api.brandlogsapi.BrandlogsApiApplicationTests" time="0.155"/>
  <system-out><![CDATA[16:15:17.259 [Test worker] DEBUG org.springframework.test.context.BootstrapUtils - Instantiating CacheAwareContextLoaderDelegate from class [org.springframework.test.context.cache.DefaultCacheAwareContextLoaderDelegate]
16:15:17.268 [Test worker] DEBUG org.springframework.test.context.BootstrapUtils - Instantiating BootstrapContext using constructor [public org.springframework.test.context.support.DefaultBootstrapContext(java.lang.Class,org.springframework.test.context.CacheAwareContextLoaderDelegate)]
16:15:17.295 [Test worker] DEBUG org.springframework.test.context.BootstrapUtils - Instantiating TestContextBootstrapper for test class [com.brandlogs.inventory.api.brandlogsapi.BrandlogsApiApplicationTests] from class [org.springframework.boot.test.context.SpringBootTestContextBootstrapper]
16:15:17.303 [Test worker] INFO org.springframework.boot.test.context.SpringBootTestContextBootstrapper - Neither @ContextConfiguration nor @ContextHierarchy found for test class [com.brandlogs.inventory.api.brandlogsapi.BrandlogsApiApplicationTests], using SpringBootContextLoader
16:15:17.306 [Test worker] DEBUG org.springframework.test.context.support.AbstractContextLoader - Did not detect default resource location for test class [com.brandlogs.inventory.api.brandlogsapi.BrandlogsApiApplicationTests]: class path resource [com/brandlogs/inventory/api/brandlogsapi/BrandlogsApiApplicationTests-context.xml] does not exist
16:15:17.307 [Test worker] DEBUG org.springframework.test.context.support.AbstractContextLoader - Did not detect default resource location for test class [com.brandlogs.inventory.api.brandlogsapi.BrandlogsApiApplicationTests]: class path resource [com/brandlogs/inventory/api/brandlogsapi/BrandlogsApiApplicationTestsContext.groovy] does not exist
16:15:17.307 [Test worker] INFO org.springframework.test.context.support.AbstractContextLoader - Could not detect default resource locations for test class [com.brandlogs.inventory.api.brandlogsapi.BrandlogsApiApplicationTests]: no resource found for suffixes {-context.xml, Context.groovy}.
16:15:17.308 [Test worker] INFO org.springframework.test.context.support.AnnotationConfigContextLoaderUtils - Could not detect default configuration classes for test class [com.brandlogs.inventory.api.brandlogsapi.BrandlogsApiApplicationTests]: BrandlogsApiApplicationTests does not declare any static, non-private, non-final, nested classes annotated with @Configuration.
16:15:17.341 [Test worker] DEBUG org.springframework.test.context.support.ActiveProfilesUtils - Could not find an 'annotation declaring class' for annotation type [org.springframework.test.context.ActiveProfiles] and class [com.brandlogs.inventory.api.brandlogsapi.BrandlogsApiApplicationTests]
16:15:17.401 [Test worker] DEBUG org.springframework.context.annotation.ClassPathScanningCandidateComponentProvider - Identified candidate component class: file [/media/DATA_1/dev-space/workspace/learn/supermarket-demo-inventory/build/classes/java/main/com/brandlogs/inventory/api/BrandlogsApiApplication.class]
16:15:17.402 [Test worker] INFO org.springframework.boot.test.context.SpringBootTestContextBootstrapper - Found @SpringBootConfiguration com.brandlogs.inventory.api.BrandlogsApiApplication for test class com.brandlogs.inventory.api.brandlogsapi.BrandlogsApiApplicationTests
16:15:17.486 [Test worker] DEBUG org.springframework.boot.test.context.SpringBootTestContextBootstrapper - @TestExecutionListeners is not present for class [com.brandlogs.inventory.api.brandlogsapi.BrandlogsApiApplicationTests]: using defaults.
16:15:17.486 [Test worker] INFO org.springframework.boot.test.context.SpringBootTestContextBootstrapper - Loaded default TestExecutionListener class names from location [META-INF/spring.factories]: [org.springframework.boot.test.autoconfigure.restdocs.RestDocsTestExecutionListener, org.springframework.boot.test.autoconfigure.web.client.MockRestServiceServerResetTestExecutionListener, org.springframework.boot.test.autoconfigure.web.servlet.MockMvcPrintOnlyOnFailureTestExecutionListener, org.springframework.boot.test.autoconfigure.web.servlet.WebDriverTestExecutionListener, org.springframework.boot.test.autoconfigure.webservices.client.MockWebServiceServerTestExecutionListener, org.springframework.boot.test.mock.mockito.MockitoTestExecutionListener, org.springframework.boot.test.mock.mockito.ResetMocksTestExecutionListener, org.springframework.test.context.web.ServletTestExecutionListener, org.springframework.test.context.support.DirtiesContextBeforeModesTestExecutionListener, org.springframework.test.context.event.ApplicationEventsTestExecutionListener, org.springframework.test.context.support.DependencyInjectionTestExecutionListener, org.springframework.test.context.support.DirtiesContextTestExecutionListener, org.springframework.test.context.transaction.TransactionalTestExecutionListener, org.springframework.test.context.jdbc.SqlScriptsTestExecutionListener, org.springframework.test.context.event.EventPublishingTestExecutionListener]
16:15:17.503 [Test worker] INFO org.springframework.boot.test.context.SpringBootTestContextBootstrapper - Using TestExecutionListeners: [org.springframework.test.context.web.ServletTestExecutionListener@133e019b, org.springframework.test.context.support.DirtiesContextBeforeModesTestExecutionListener@41382722, org.springframework.test.context.event.ApplicationEventsTestExecutionListener@7dac3fd8, org.springframework.boot.test.mock.mockito.MockitoTestExecutionListener@425357dd, org.springframework.boot.test.autoconfigure.SpringBootDependencyInjectionTestExecutionListener@2102a4d5, org.springframework.test.context.support.DirtiesContextTestExecutionListener@210386e0, org.springframework.test.context.transaction.TransactionalTestExecutionListener@3d4d3fe7, org.springframework.test.context.jdbc.SqlScriptsTestExecutionListener@65f87a2c, org.springframework.test.context.event.EventPublishingTestExecutionListener@51684e4a, org.springframework.boot.test.autoconfigure.restdocs.RestDocsTestExecutionListener@6ce1f601, org.springframework.boot.test.autoconfigure.web.client.MockRestServiceServerResetTestExecutionListener@38875e7d, org.springframework.boot.test.autoconfigure.web.servlet.MockMvcPrintOnlyOnFailureTestExecutionListener@1e886a5b, org.springframework.boot.test.autoconfigure.web.servlet.WebDriverTestExecutionListener@d816dde, org.springframework.boot.test.autoconfigure.webservices.client.MockWebServiceServerTestExecutionListener@6e33c391, org.springframework.boot.test.mock.mockito.ResetMocksTestExecutionListener@6c451c9c]
16:15:17.506 [Test worker] DEBUG org.springframework.test.context.support.AbstractDirtiesContextTestExecutionListener - Before test class: context [DefaultTestContext@51a06cbe testClass = BrandlogsApiApplicationTests, testInstance = [null], testMethod = [null], testException = [null], mergedContextConfiguration = [WebMergedContextConfiguration@3dddbe65 testClass = BrandlogsApiApplicationTests, locations = '{}', classes = '{class com.brandlogs.inventory.api.BrandlogsApiApplication}', contextInitializerClasses = '[]', activeProfiles = '{}', propertySourceLocations = '{}', propertySourceProperties = '{org.springframework.boot.test.context.SpringBootTestContextBootstrapper=true}', contextCustomizers = set[org.springframework.boot.test.autoconfigure.actuate.metrics.MetricsExportContextCustomizerFactory$DisableMetricExportContextCustomizer@5b1f29fa, org.springframework.boot.test.autoconfigure.properties.PropertyMappingContextCustomizer@0, org.springframework.boot.test.autoconfigure.web.servlet.WebDriverContextCustomizerFactory$Customizer@13cf7d52, org.springframework.boot.test.context.filter.ExcludeFilterContextCustomizer@77a98a6a, org.springframework.boot.test.json.DuplicateJsonObjectContextCustomizerFactory$DuplicateJsonObjectContextCustomizer@62452cc9, org.springframework.boot.test.mock.mockito.MockitoContextCustomizer@0, org.springframework.boot.test.web.client.TestRestTemplateContextCustomizer@62e6b5c8, org.springframework.boot.test.context.SpringBootTestArgs@1, org.springframework.boot.test.context.SpringBootTestWebEnvironment@64b0598], resourceBasePath = 'src/main/webapp', contextLoader = 'org.springframework.boot.test.context.SpringBootContextLoader', parent = [null]], attributes = map['org.springframework.test.context.web.ServletTestExecutionListener.activateListener' -> true]], class annotated with @DirtiesContext [false] with mode [null].

  .   ____          _            __ _ _
 /\\ / ___'_ __ _ _(_)_ __  __ _ \ \ \ \
( ( )\___ | '_ | '_| | '_ \/ _` | \ \ \ \
 \\/  ___)| |_)| | | | | || (_| |  ) ) ) )
  '  |____| .__|_| |_|_| |_\__, | / / / /
 =========|_|==============|___/=/_/_/_/
 :: Spring Boot ::                (v2.7.6)

2022-11-28 16:15:17.823  INFO 394086 --- [    Test worker] c.b.i.a.b.BrandlogsApiApplicationTests   : Starting BrandlogsApiApplicationTests using Java 11.0.12 on oduold-p52s with PID 394086 (started by don in /media/DATA_1/dev-space/workspace/learn/supermarket-demo-inventory)
2022-11-28 16:15:17.824  INFO 394086 --- [    Test worker] c.b.i.a.b.BrandlogsApiApplicationTests   : No active profile set, falling back to 1 default profile: "default"
2022-11-28 16:15:18.703  INFO 394086 --- [    Test worker] .s.d.r.c.RepositoryConfigurationDelegate : Bootstrapping Spring Data JPA repositories in DEFAULT mode.
2022-11-28 16:15:18.788  INFO 394086 --- [    Test worker] .s.d.r.c.RepositoryConfigurationDelegate : Finished Spring Data repository scanning in 75 ms. Found 5 JPA repository interfaces.
2022-11-28 16:15:19.332  INFO 394086 --- [    Test worker] com.zaxxer.hikari.HikariDataSource       : HikariPool-1 - Starting...
2022-11-28 16:15:19.573  INFO 394086 --- [    Test worker] com.zaxxer.hikari.HikariDataSource       : HikariPool-1 - Start completed.
2022-11-28 16:15:19.900  INFO 394086 --- [    Test worker] o.hibernate.jpa.internal.util.LogHelper  : HHH000204: Processing PersistenceUnitInfo [name: default]
2022-11-28 16:15:19.964  INFO 394086 --- [    Test worker] org.hibernate.Version                    : HHH000412: Hibernate ORM core version 5.6.14.Final
2022-11-28 16:15:20.204  INFO 394086 --- [    Test worker] o.hibernate.annotations.common.Version   : HCANN000001: Hibernate Commons Annotations {5.1.2.Final}
2022-11-28 16:15:20.353  INFO 394086 --- [    Test worker] org.hibernate.dialect.Dialect            : HHH000400: Using dialect: org.hibernate.dialect.H2Dialect
2022-11-28 16:15:21.086  INFO 394086 --- [    Test worker] o.h.e.t.j.p.i.JtaPlatformInitiator       : HHH000490: Using JtaPlatform implementation: [org.hibernate.engine.transaction.jta.platform.internal.NoJtaPlatform]
2022-11-28 16:15:21.094  INFO 394086 --- [    Test worker] j.LocalContainerEntityManagerFactoryBean : Initialized JPA EntityManagerFactory for persistence unit 'default'
2022-11-28 16:15:21.953  WARN 394086 --- [    Test worker] JpaBaseConfiguration$JpaWebConfiguration : spring.jpa.open-in-view is enabled by default. Therefore, database queries may be performed during view rendering. Explicitly configure spring.jpa.open-in-view to disable this warning
2022-11-28 16:15:22.222  INFO 394086 --- [    Test worker] o.s.b.a.h2.H2ConsoleAutoConfiguration    : H2 console available at '/h2-console'. Database available at 'jdbc:h2:file:~/data/brandlog-test-db-file'
2022-11-28 16:15:23.512  INFO 394086 --- [    Test worker] c.b.i.a.b.BrandlogsApiApplicationTests   : Started BrandlogsApiApplicationTests in 5.963 seconds (JVM running for 7.106)
]]></system-out>
  <system-err><![CDATA[]]></system-err>
</testsuite>
